This file contains any messages produced by compilers while
running configure, to aid debugging if configure makes a mistake.

It was created by burrtools configure 0.6.3, which was
generated by GNU Autoconf 2.69.  Invocation command line was

  $ ./configure 

## --------- ##
## Platform. ##
## --------- ##

hostname = Jeffreys-MBP
uname -m = x86_64
uname -r = 15.2.0
uname -s = Darwin
uname -v = Darwin Kernel Version 15.2.0: Fri Nov 13 19:56:56 PST 2015; root:xnu-3248.20.55~2/RELEASE_X86_64

/usr/bin/uname -p = i386
/bin/uname -X     = unknown

/bin/arch              = unknown
/usr/bin/arch -k       = unknown
/usr/convex/getsysinfo = unknown
/usr/bin/hostinfo      = Mach kernel version:
	 Darwin Kernel Version 15.2.0: Fri Nov 13 19:56:56 PST 2015; root:xnu-3248.20.55~2/RELEASE_X86_64
Kernel configured for up to 4 processors.
2 processors are physically available.
4 processors are logically available.
Processor type: x86_64h (Intel x86-64h Haswell)
Processors active: 0 1 2 3
Primary memory available: 16.00 gigabytes
Default processor set: 299 tasks, 1463 threads, 4 processors
Load average: 5.26, Mach factor: 1.20
/bin/machine           = unknown
/usr/bin/oslevel       = unknown
/bin/universe          = unknown

PATH: /opt/local/bin
PATH: /opt/local/sbin
PATH: /opt/local/bin
PATH: /opt/local/sbin
PATH: /usr/local/rvm/gems/ruby-2.2-head/bin
PATH: /usr/local/rvm/gems/ruby-2.2-head@global/bin
PATH: /usr/local/rvm/rubies/ruby-2.2-head/bin
PATH: /usr/local/bin
PATH: /usr/bin
PATH: /bin
PATH: /usr/sbin
PATH: /sbin
PATH: /usr/local/rvm/bin


## ----------- ##
## Core tests. ##
## ----------- ##

configure:2135: checking build system type
configure:2149: result: x86_64-apple-darwin15.2.0
configure:2169: checking host system type
configure:2182: result: x86_64-apple-darwin15.2.0
configure:2202: checking target system type
configure:2215: result: x86_64-apple-darwin15.2.0
configure:2263: checking for a BSD-compatible install
configure:2331: result: /usr/bin/install -c
configure:2342: checking whether build environment is sane
configure:2397: result: yes
configure:2548: checking for a thread-safe mkdir -p
configure:2587: result: admin/install-sh -c -d
configure:2594: checking for gawk
configure:2610: found /opt/local/bin/gawk
configure:2621: result: gawk
configure:2632: checking whether make sets $(MAKE)
configure:2654: result: yes
configure:2751: checking whether make supports nested variables
configure:2768: result: yes
configure:2780: checking whether to enable maintainer-specific portions of Makefiles
configure:2789: result: no
configure:2849: checking for ranlib
configure:2865: found /usr/bin/ranlib
configure:2876: result: ranlib
configure:2947: checking for gcc
configure:2963: found /usr/bin/gcc
configure:2974: result: gcc
configure:3203: checking for C compiler version
configure:3212: gcc --version >&5
Apple LLVM version 7.0.2 (clang-700.1.81)
Target: x86_64-apple-darwin15.2.0
Thread model: posix
Configured with: --prefix=/Applications/Xcode.app/Contents/Developer/usr --with-gxx-include-dir=/usr/include/c++/4.2.1
configure:3223: $? = 0
configure:3212: gcc -v >&5
Configured with: --prefix=/Applications/Xcode.app/Contents/Developer/usr --with-gxx-include-dir=/usr/include/c++/4.2.1
Apple LLVM version 7.0.2 (clang-700.1.81)
Target: x86_64-apple-darwin15.2.0
Thread model: posix
configure:3223: $? = 0
configure:3212: gcc -V >&5
clang: error: argument to '-V' is missing (expected 1 value)
clang: error: no input files
configure:3223: $? = 1
configure:3212: gcc -qversion >&5
clang: error: unknown argument: '-qversion'
clang: error: no input files
configure:3223: $? = 1
configure:3243: checking whether the C compiler works
configure:3265: gcc    conftest.c  >&5
configure:3269: $? = 0
configure:3317: result: yes
configure:3320: checking for C compiler default output file name
configure:3322: result: a.out
configure:3328: checking for suffix of executables
configure:3335: gcc -o conftest    conftest.c  >&5
configure:3339: $? = 0
configure:3361: result: 
configure:3383: checking whether we are cross compiling
configure:3391: gcc -o conftest    conftest.c  >&5
configure:3395: $? = 0
configure:3402: ./conftest
configure:3406: $? = 0
configure:3421: result: no
configure:3426: checking for suffix of object files
configure:3448: gcc -c   conftest.c >&5
configure:3452: $? = 0
configure:3473: result: o
configure:3477: checking whether we are using the GNU C compiler
configure:3496: gcc -c   conftest.c >&5
configure:3496: $? = 0
configure:3505: result: yes
configure:3514: checking whether gcc accepts -g
configure:3534: gcc -c -g  conftest.c >&5
configure:3534: $? = 0
configure:3575: result: yes
configure:3592: checking for gcc option to accept ISO C89
configure:3655: gcc  -c -g -O2  conftest.c >&5
configure:3655: $? = 0
configure:3668: result: none needed
configure:3699: checking for style of include used by make
configure:3727: result: GNU
configure:3753: checking dependency style of gcc
configure:3864: result: gcc3
configure:3937: checking for g++
configure:3953: found /usr/bin/g++
configure:3964: result: g++
configure:3991: checking for C++ compiler version
configure:4000: g++ --version >&5
Apple LLVM version 7.0.2 (clang-700.1.81)
Target: x86_64-apple-darwin15.2.0
Thread model: posix
Configured with: --prefix=/Applications/Xcode.app/Contents/Developer/usr --with-gxx-include-dir=/usr/include/c++/4.2.1
configure:4011: $? = 0
configure:4000: g++ -v >&5
Configured with: --prefix=/Applications/Xcode.app/Contents/Developer/usr --with-gxx-include-dir=/usr/include/c++/4.2.1
Apple LLVM version 7.0.2 (clang-700.1.81)
Target: x86_64-apple-darwin15.2.0
Thread model: posix
configure:4011: $? = 0
configure:4000: g++ -V >&5
clang: error: argument to '-V' is missing (expected 1 value)
clang: error: no input files
configure:4011: $? = 1
configure:4000: g++ -qversion >&5
clang: error: unknown argument: '-qversion'
clang: error: no input files
configure:4011: $? = 1
configure:4015: checking whether we are using the GNU C++ compiler
configure:4034: g++ -c   conftest.cpp >&5
configure:4034: $? = 0
configure:4043: result: yes
configure:4052: checking whether g++ accepts -g
configure:4072: g++ -c -g  conftest.cpp >&5
configure:4072: $? = 0
configure:4113: result: yes
configure:4138: checking dependency style of g++
configure:4249: result: gcc3
configure:4265: checking whether gcc and cc understand -c and -o together
configure:4296: gcc -c conftest.c -o conftest2.o >&5
configure:4300: $? = 0
configure:4306: gcc -c conftest.c -o conftest2.o >&5
configure:4310: $? = 0
configure:4321: cc -c conftest.c >&5
configure:4325: $? = 0
configure:4333: cc -c conftest.c -o conftest2.o >&5
configure:4337: $? = 0
configure:4343: cc -c conftest.c -o conftest2.o >&5
configure:4347: $? = 0
configure:4365: result: yes
configure:4517: checking whether pthreads work with -pthread
configure:4605: gcc -o conftest -g -O2 -pthread   conftest.c   >&5
configure:4605: $? = 0
configure:4614: result: yes
configure:4633: checking for joinable pthread attribute
configure:4648: gcc -o conftest -g -O2 -pthread   conftest.c   >&5
configure:4648: $? = 0
configure:4654: result: PTHREAD_CREATE_JOINABLE
configure:4664: checking if more special flags are required for pthreads
configure:4678: result: -D_THREAD_SAFE
configure:4684: checking for PTHREAD_PRIO_INHERIT
configure:4702: gcc -o conftest -g -O2 -pthread   conftest.c   >&5
configure:4702: $? = 0
configure:4711: result: yes
configure:4808: checking for fltk-config
configure:4826: found /opt/local/bin/fltk-config
configure:4838: result: /opt/local/bin/fltk-config
configure:4853: checking for uncompress in -lz
configure:4878: gcc -o conftest -g -O2   conftest.c -lz   >&5
configure:4878: $? = 0
configure:4887: result: yes
configure:4950: checking for boostlib >= 1.33.1
configure:5019: g++ -c -g -O2  -I/opt/local/include conftest.cpp >&5
configure:5019: $? = 0
configure:5021: result: yes
configure:5198: checking whether the Boost::Test_Exec_Monitor library is available
configure:5220: g++ -c -g -O2  -I/opt/local/include conftest.cpp >&5
configure:5220: $? = 0
configure:5234: result: yes
configure:5378: checking whether the Boost::Thread library is available
configure:5410: g++ -c -pthread -g -O2  -I/opt/local/include conftest.cpp >&5
configure:5410: $? = 0
configure:5425: result: yes
configure:5454: checking for exit in -llibboost_thread-mt.dylib
configure:5479: gcc -o conftest -g -O2  -I/opt/local/include  -L/opt/local/lib conftest.c -llibboost_thread-mt.dylib  -lz  >&5
conftest.c:27:6: warning: incompatible redeclaration of library function 'exit' [-Wincompatible-library-redeclaration]
char exit ();
     ^
conftest.c:27:6: note: 'exit' is a builtin with type 'void (int) __attribute__((noreturn))'
1 warning generated.
ld: library not found for -llibboost_thread-mt.dylib
clang: error: linker command failed with exit code 1 (use -v to see invocation)
configure:5479: $? = 1
configure: failed program was:
| /* confdefs.h */
| #define PACKAGE_NAME "burrtools"
| #define PACKAGE_TARNAME "burrtools"
| #define PACKAGE_VERSION "0.6.3"
| #define PACKAGE_STRING "burrtools 0.6.3"
| #define PACKAGE_BUGREPORT ""
| #define PACKAGE_URL ""
| #define FULLNAME "Burr Tools"
| #define URL "http://burrtools.sourceforge.net/"
| #define TARGET_CPU_x86_64 1
| #define PACKAGE "burrtools"
| #define VERSION "0.6.3"
| #define HAVE_PTHREAD_PRIO_INHERIT 1
| #define HAVE_PTHREAD 1
| #define HAVE_LIBZ 1
| #define HAVE_BOOST /**/
| #define HAVE_BOOST_TEST_EXEC_MONITOR /**/
| #define HAVE_BOOST_THREAD /**/
| /* end confdefs.h.  */
| 
| /* Override any GCC internal prototype to avoid an error.
|    Use char because int might match the return type of a GCC
|    builtin and then its argument prototype would still apply.  */
| #ifdef __cplusplus
| extern "C"
| #endif
| char exit ();
| int
| main ()
| {
| return exit ();
|   ;
|   return 0;
| }
configure:5489: result: no
configure:5601: error: Could not link against libboost_thread-mt.dylib !

## ---------------- ##
## Cache variables. ##
## ---------------- ##

ac_cv_build=x86_64-apple-darwin15.2.0
ac_cv_c_compiler_gnu=yes
ac_cv_cxx_compiler_gnu=yes
ac_cv_env_CCC_set=
ac_cv_env_CCC_value=
ac_cv_env_CC_set=
ac_cv_env_CC_value=
ac_cv_env_CFLAGS_set=
ac_cv_env_CFLAGS_value=
ac_cv_env_CPPFLAGS_set=
ac_cv_env_CPPFLAGS_value=
ac_cv_env_CPP_set=
ac_cv_env_CPP_value=
ac_cv_env_CXXFLAGS_set=
ac_cv_env_CXXFLAGS_value=
ac_cv_env_CXX_set=
ac_cv_env_CXX_value=
ac_cv_env_LDFLAGS_set=
ac_cv_env_LDFLAGS_value=
ac_cv_env_LIBS_set=
ac_cv_env_LIBS_value=
ac_cv_env_XMKMF_set=
ac_cv_env_XMKMF_value=
ac_cv_env_build_alias_set=
ac_cv_env_build_alias_value=
ac_cv_env_host_alias_set=
ac_cv_env_host_alias_value=
ac_cv_env_target_alias_set=
ac_cv_env_target_alias_value=
ac_cv_host=x86_64-apple-darwin15.2.0
ac_cv_lib_libboost_thread_mt_dylib___exit=no
ac_cv_lib_z_uncompress=yes
ac_cv_objext=o
ac_cv_path_FLTK_CONFIG=/opt/local/bin/fltk-config
ac_cv_path_install='/usr/bin/install -c'
ac_cv_prog_AWK=gawk
ac_cv_prog_ac_ct_CC=gcc
ac_cv_prog_ac_ct_CXX=g++
ac_cv_prog_ac_ct_RANLIB=ranlib
ac_cv_prog_cc_c89=
ac_cv_prog_cc_g=yes
ac_cv_prog_cc_gcc_c_o=yes
ac_cv_prog_cxx_g=yes
ac_cv_prog_make_make_set=yes
ac_cv_target=x86_64-apple-darwin15.2.0
am_cv_CC_dependencies_compiler_type=gcc3
am_cv_CXX_dependencies_compiler_type=gcc3
am_cv_make_support_nested_variables=yes
ax_cv_PTHREAD_PRIO_INHERIT=yes
ax_cv_boost_test_exec_monitor=yes
ax_cv_boost_thread=yes

## ----------------- ##
## Output variables. ##
## ----------------- ##

ACLOCAL='${SHELL} /Users/jeffnamkung/ClionProjects/burrtools-0.6.3/admin/missing --run aclocal-1.12'
AMDEPBACKSLASH='\'
AMDEP_FALSE='#'
AMDEP_TRUE=''
AMTAR='$${TAR-tar}'
AM_BACKSLASH='\'
AM_DEFAULT_V='$(AM_DEFAULT_VERBOSITY)'
AM_DEFAULT_VERBOSITY='0'
AM_V='$(V)'
AUTOCONF='${SHELL} /Users/jeffnamkung/ClionProjects/burrtools-0.6.3/admin/missing --run autoconf'
AUTOHEADER='${SHELL} /Users/jeffnamkung/ClionProjects/burrtools-0.6.3/admin/missing --run autoheader'
AUTOMAKE='${SHELL} /Users/jeffnamkung/ClionProjects/burrtools-0.6.3/admin/missing --run automake-1.12'
AWK='gawk'
BOOST_CPPFLAGS='-pthread -I/opt/local/include'
BOOST_LDFLAGS='-L/opt/local/lib'
BOOST_TEST_EXEC_MONITOR_LIB='-lboost_test_exec_monitor-mt'
BOOST_THREAD_LIB=''
CC='gcc'
CCDEPMODE='depmode=gcc3'
CFLAGS='-g -O2'
CPP=''
CPPFLAGS=' -I/opt/local/include'
CXX='g++'
CXXDEPMODE='depmode=gcc3'
CXXFLAGS='-g -O2'
CYGPATH_W='echo'
DEFS=''
DEPDIR='.deps'
ECHO_C='\c'
ECHO_N=''
ECHO_T=''
EXEEXT=''
FLTK_CONFIG='/opt/local/bin/fltk-config'
FULLNAME='Burr Tools'
GL_CFLAGS=''
GL_LIBS=''
GUI_CPP_ADD='-I/opt/local/include -pipe -Os -stdlib=libc++ -D_LARGEFILE_SOURCE -D_LARGEFILE64_SOURCE -D_THREAD_SAFE -D_REENTRANT'
GUI_HELP_CPP_ADD='-I/opt/local/include -pipe -Os -stdlib=libc++ -D_LARGEFILE_SOURCE -D_LARGEFILE64_SOURCE -D_THREAD_SAFE -D_REENTRANT'
GUI_HELP_LD_ADD='-L/opt/local/lib -Wl,-headerpad_max_install_names -lfltk_images -lpng -lz -ljpeg -lfltk -lpthread -framework Cocoa'
GUI_LD_ADD='-L/opt/local/lib -Wl,-headerpad_max_install_names -lfltk_gl -framework AGL -framework OpenGL -framework ApplicationServices -lfltk -lpthread -framework Cocoa'
INSTALL_DATA='${INSTALL} -m 644'
INSTALL_PROGRAM='${INSTALL}'
INSTALL_SCRIPT='${INSTALL}'
INSTALL_STRIP_PROGRAM='$(install_sh) -c -s'
LARGEFILE=''
LDFLAGS=' -L/opt/local/lib'
LIBOBJS=''
LIBPNG_CONFIG=''
LIBS='-lz '
LTLIBOBJS=''
MAINT='#'
MAINTAINER_MODE_FALSE=''
MAINTAINER_MODE_TRUE='#'
MAKEINFO='${SHELL} /Users/jeffnamkung/ClionProjects/burrtools-0.6.3/admin/missing --run makeinfo'
MKDIR_P='admin/install-sh -c -d'
NMPROG=''
OBJEXT='o'
PACKAGE='burrtools'
PACKAGE_BUGREPORT=''
PACKAGE_NAME='burrtools'
PACKAGE_STRING='burrtools 0.6.3'
PACKAGE_TARNAME='burrtools'
PACKAGE_URL=''
PACKAGE_VERSION='0.6.3'
PATH_SEPARATOR=':'
PTHREAD_CC='gcc'
PTHREAD_CFLAGS='-D_THREAD_SAFE -pthread'
PTHREAD_CPP_ADD=''
PTHREAD_LD_ADD=''
PTHREAD_LIBS=''
RANLIB='ranlib'
SET_MAKE=''
SHELL='/bin/sh'
STRIP=''
URL='http://burrtools.sourceforge.net/'
VERSION='0.6.3'
XMKMF=''
XML_CPP_ADD=''
XML_LD_ADD=''
X_CFLAGS=''
X_EXTRA_LIBS=''
X_LIBS=''
X_PRE_LIBS=''
ac_ct_CC='gcc'
ac_ct_CXX='g++'
am__EXEEXT_FALSE=''
am__EXEEXT_TRUE=''
am__fastdepCC_FALSE='#'
am__fastdepCC_TRUE=''
am__fastdepCXX_FALSE='#'
am__fastdepCXX_TRUE=''
am__include='include'
am__isrc=''
am__leading_dot='.'
am__nodep='_no'
am__quote=''
am__tar='$${TAR-tar} chof - "$$tardir"'
am__untar='$${TAR-tar} xf -'
ax_pthread_config=''
bindir='${exec_prefix}/bin'
build='x86_64-apple-darwin15.2.0'
build_alias=''
build_cpu='x86_64'
build_os='darwin15.2.0'
build_vendor='apple'
datadir='${datarootdir}'
datarootdir='${prefix}/share'
docdir='${datarootdir}/doc/${PACKAGE_TARNAME}'
dvidir='${docdir}'
exec_prefix='NONE'
host='x86_64-apple-darwin15.2.0'
host_alias=''
host_cpu='x86_64'
host_os='darwin15.2.0'
host_vendor='apple'
htmldir='${docdir}'
includedir='${prefix}/include'
infodir='${datarootdir}/info'
install_sh='${SHELL} /Users/jeffnamkung/ClionProjects/burrtools-0.6.3/admin/install-sh'
libdir='${exec_prefix}/lib'
libexecdir='${exec_prefix}/libexec'
localedir='${datarootdir}/locale'
localstatedir='${prefix}/var'
mandir='${datarootdir}/man'
mkdir_p='$(MKDIR_P)'
oldincludedir='/usr/include'
pdfdir='${docdir}'
prefix='NONE'
program_transform_name='s,x,x,'
psdir='${docdir}'
sbindir='${exec_prefix}/sbin'
sharedstatedir='${prefix}/com'
sysconfdir='${prefix}/etc'
target='x86_64-apple-darwin15.2.0'
target_alias=''
target_cpu='x86_64'
target_os='darwin15.2.0'
target_vendor='apple'

## ----------- ##
## confdefs.h. ##
## ----------- ##

/* confdefs.h */
#define PACKAGE_NAME "burrtools"
#define PACKAGE_TARNAME "burrtools"
#define PACKAGE_VERSION "0.6.3"
#define PACKAGE_STRING "burrtools 0.6.3"
#define PACKAGE_BUGREPORT ""
#define PACKAGE_URL ""
#define FULLNAME "Burr Tools"
#define URL "http://burrtools.sourceforge.net/"
#define TARGET_CPU_x86_64 1
#define PACKAGE "burrtools"
#define VERSION "0.6.3"
#define HAVE_PTHREAD_PRIO_INHERIT 1
#define HAVE_PTHREAD 1
#define HAVE_LIBZ 1
#define HAVE_BOOST /**/
#define HAVE_BOOST_TEST_EXEC_MONITOR /**/
#define HAVE_BOOST_THREAD /**/

configure: exit 1
